# Logfile created on 2020-09-18 17:31:05 -0400 by logger.rb/66358
  INFO ---------------------------------------------------------------------------
  INFO START 2020-09-18 17:31:05 -0400 cap production deploy
  INFO ---------------------------------------------------------------------------
 DEBUG [8b642087] Running [ -d $HOME/.rbenv/versions/2.6.5 ] as dev@livelyteams.com
 DEBUG [8b642087] Command: [ -d $HOME/.rbenv/versions/2.6.5 ]
 DEBUG [8b642087] Finished in 0.355 seconds with exit status 0 (successful).
  INFO [906a5c8d] Running /usr/bin/env mkdir -p /tmp as dev@livelyteams.com
 DEBUG [906a5c8d] Command: ( export PATH="$HOME/.npm-packages/bin/:$PATH" NODE_ENVIRONMENT="production" RBENV_ROOT="$HOME/.rbenv" RBENV_VERSION="2.6.5" ; /usr/bin/env mkdir -p /tmp )
  INFO [906a5c8d] Finished in 0.041 seconds with exit status 0 (successful).
 DEBUG Uploading /tmp/git-ssh-livelyteams-production-dev.sh 0.0%
  INFO Uploading /tmp/git-ssh-livelyteams-production-dev.sh 100.0%
  INFO [fb249c83] Running /usr/bin/env chmod 700 /tmp/git-ssh-livelyteams-production-dev.sh as dev@livelyteams.com
 DEBUG [fb249c83] Command: ( export PATH="$HOME/.npm-packages/bin/:$PATH" NODE_ENVIRONMENT="production" RBENV_ROOT="$HOME/.rbenv" RBENV_VERSION="2.6.5" ; /usr/bin/env chmod 700 /tmp/git-ssh-livelyteams-production-dev.sh )
  INFO [fb249c83] Finished in 0.045 seconds with exit status 0 (successful).
  INFO [64c1c83e] Running /usr/bin/env git ls-remote https://github.com/unusualslim/livelyteams HEAD as dev@livelyteams.com
 DEBUG [64c1c83e] Command: ( export PATH="$HOME/.npm-packages/bin/:$PATH" NODE_ENVIRONMENT="production" RBENV_ROOT="$HOME/.rbenv" RBENV_VERSION="2.6.5" GIT_ASKPASS="/bin/echo" GIT_SSH="/tmp/git-ssh-livelyteams-production-dev.sh" ; /usr/bin/env git ls-remote https://github.com/unusualslim/livelyteams HEAD )
 DEBUG [64c1c83e] 	fd80c004afc78b03e822d8e42112c8692e49c726	HEAD
  INFO [64c1c83e] Finished in 0.252 seconds with exit status 0 (successful).
  INFO [7ba4fd72] Running /usr/bin/env mkdir -p /home/dev/apps/livelyteams/shared /home/dev/apps/livelyteams/releases as dev@livelyteams.com
 DEBUG [7ba4fd72] Command: ( export PATH="$HOME/.npm-packages/bin/:$PATH" NODE_ENVIRONMENT="production" RBENV_ROOT="$HOME/.rbenv" RBENV_VERSION="2.6.5" ; /usr/bin/env mkdir -p /home/dev/apps/livelyteams/shared /home/dev/apps/livelyteams/releases )
  INFO [7ba4fd72] Finished in 0.043 seconds with exit status 0 (successful).
  INFO [12b9aaf8] Running /usr/bin/env mkdir -p /home/dev/apps/livelyteams/shared/log /home/dev/apps/livelyteams/shared/tmp/pids /home/dev/apps/livelyteams/shared/tmp/cache /home/dev/apps/livelyteams/shared/tmp/sockets /home/dev/apps/livelyteams/shared/vendor/bundle /home/dev/apps/livelyteams/shared/.bundle /home/dev/apps/livelyteams/shared/public/system /home/dev/apps/livelyteams/shared/public/uploads /home/dev/apps/livelyteams/shared/public/assets as dev@livelyteams.com
 DEBUG [12b9aaf8] Command: ( export PATH="$HOME/.npm-packages/bin/:$PATH" NODE_ENVIRONMENT="production" RBENV_ROOT="$HOME/.rbenv" RBENV_VERSION="2.6.5" ; /usr/bin/env mkdir -p /home/dev/apps/livelyteams/shared/log /home/dev/apps/livelyteams/shared/tmp/pids /home/dev/apps/livelyteams/shared/tmp/cache /home/dev/apps/livelyteams/shared/tmp/sockets /home/dev/apps/livelyteams/shared/vendor/bundle /home/dev/apps/livelyteams/shared/.bundle /home/dev/apps/livelyteams/shared/public/system /home/dev/apps/livelyteams/shared/public/uploads /home/dev/apps/livelyteams/shared/public/assets )
  INFO [12b9aaf8] Finished in 0.041 seconds with exit status 0 (successful).
  INFO [8bb41657] Running /usr/bin/env mkdir -p /home/dev/apps/livelyteams/shared/config as dev@livelyteams.com
 DEBUG [8bb41657] Command: ( export PATH="$HOME/.npm-packages/bin/:$PATH" NODE_ENVIRONMENT="production" RBENV_ROOT="$HOME/.rbenv" RBENV_VERSION="2.6.5" ; /usr/bin/env mkdir -p /home/dev/apps/livelyteams/shared/config )
  INFO [8bb41657] Finished in 0.046 seconds with exit status 0 (successful).
 DEBUG [f578a7e0] Running [ -f /home/dev/apps/livelyteams/shared/config/master.key ] as dev@livelyteams.com
 DEBUG [f578a7e0] Command: [ -f /home/dev/apps/livelyteams/shared/config/master.key ]
 DEBUG [f578a7e0] Finished in 0.044 seconds with exit status 0 (successful).
 DEBUG [44d4867f] Running [ -f /home/dev/apps/livelyteams/shared/config/master.key ] as dev@livelyteams.com
 DEBUG [44d4867f] Command: [ -f /home/dev/apps/livelyteams/shared/config/master.key ]
 DEBUG [44d4867f] Finished in 0.044 seconds with exit status 0 (successful).
 DEBUG [6f3651ee] Running [ -f /home/dev/apps/livelyteams/shared/config/master.key ] as dev@livelyteams.com
 DEBUG [6f3651ee] Command: [ -f /home/dev/apps/livelyteams/shared/config/master.key ]
 DEBUG [6f3651ee] Finished in 0.045 seconds with exit status 0 (successful).
 DEBUG [adc3ed53] Running [ -f /home/dev/apps/livelyteams/shared/puma.rb ] as dev@livelyteams.com
 DEBUG [adc3ed53] Command: [ -f /home/dev/apps/livelyteams/shared/puma.rb ]
 DEBUG [adc3ed53] Finished in 0.044 seconds with exit status 0 (successful).
 DEBUG [23e44ab6] Running [ -f /home/dev/apps/livelyteams/current/REVISION ] as dev@livelyteams.com
 DEBUG [23e44ab6] Command: [ -f /home/dev/apps/livelyteams/current/REVISION ]
 DEBUG [23e44ab6] Finished in 0.045 seconds with exit status 0 (successful).
 DEBUG [968521a0] Running /usr/bin/env cat /home/dev/apps/livelyteams/current/REVISION 2>/dev/null as dev@livelyteams.com
 DEBUG [968521a0] Command: ( export PATH="$HOME/.npm-packages/bin/:$PATH" NODE_ENVIRONMENT="production" RBENV_ROOT="$HOME/.rbenv" RBENV_VERSION="2.6.5" ; /usr/bin/env cat /home/dev/apps/livelyteams/current/REVISION 2>/dev/null )
 DEBUG [968521a0] 	27b8069e769c8dd4fade5065362dc75190652f55
 DEBUG [968521a0] Finished in 0.043 seconds with exit status 0 (successful).
 DEBUG [52fe23de] Running [ -f /home/dev/apps/livelyteams/repo/HEAD ] as dev@livelyteams.com
 DEBUG [52fe23de] Command: [ -f /home/dev/apps/livelyteams/repo/HEAD ]
 DEBUG [52fe23de] Finished in 0.044 seconds with exit status 0 (successful).
  INFO The repository mirror is at /home/dev/apps/livelyteams/repo
 DEBUG [75050d78] Running if test ! -d /home/dev/apps/livelyteams/repo; then echo "Directory does not exist '/home/dev/apps/livelyteams/repo'" 1>&2; false; fi as dev@livelyteams.com
 DEBUG [75050d78] Command: if test ! -d /home/dev/apps/livelyteams/repo; then echo "Directory does not exist '/home/dev/apps/livelyteams/repo'" 1>&2; false; fi
 DEBUG [75050d78] Finished in 0.040 seconds with exit status 0 (successful).
  INFO [37fd1dff] Running /usr/bin/env git remote set-url origin https://github.com/unusualslim/livelyteams as dev@livelyteams.com
 DEBUG [37fd1dff] Command: cd /home/dev/apps/livelyteams/repo && ( export PATH="$HOME/.npm-packages/bin/:$PATH" NODE_ENVIRONMENT="production" RBENV_ROOT="$HOME/.rbenv" RBENV_VERSION="2.6.5" GIT_ASKPASS="/bin/echo" GIT_SSH="/tmp/git-ssh-livelyteams-production-dev.sh" ; /usr/bin/env git remote set-url origin https://github.com/unusualslim/livelyteams )
  INFO [37fd1dff] Finished in 0.048 seconds with exit status 0 (successful).
  INFO [c622e405] Running /usr/bin/env git remote update --prune as dev@livelyteams.com
 DEBUG [c622e405] Command: cd /home/dev/apps/livelyteams/repo && ( export PATH="$HOME/.npm-packages/bin/:$PATH" NODE_ENVIRONMENT="production" RBENV_ROOT="$HOME/.rbenv" RBENV_VERSION="2.6.5" GIT_ASKPASS="/bin/echo" GIT_SSH="/tmp/git-ssh-livelyteams-production-dev.sh" ; /usr/bin/env git remote update --prune )
 DEBUG [c622e405] 	Fetching origin
  INFO [c622e405] Finished in 0.262 seconds with exit status 0 (successful).
 DEBUG [0e7b6635] Running if test ! -d /home/dev/apps/livelyteams/repo; then echo "Directory does not exist '/home/dev/apps/livelyteams/repo'" 1>&2; false; fi as dev@livelyteams.com
 DEBUG [0e7b6635] Command: if test ! -d /home/dev/apps/livelyteams/repo; then echo "Directory does not exist '/home/dev/apps/livelyteams/repo'" 1>&2; false; fi
 DEBUG [0e7b6635] Finished in 0.044 seconds with exit status 0 (successful).
  INFO [17c16443] Running /usr/bin/env mkdir -p /home/dev/apps/livelyteams/releases/20200918213106 as dev@livelyteams.com
 DEBUG [17c16443] Command: cd /home/dev/apps/livelyteams/repo && ( export PATH="$HOME/.npm-packages/bin/:$PATH" NODE_ENVIRONMENT="production" RBENV_ROOT="$HOME/.rbenv" RBENV_VERSION="2.6.5" GIT_ASKPASS="/bin/echo" GIT_SSH="/tmp/git-ssh-livelyteams-production-dev.sh" ; /usr/bin/env mkdir -p /home/dev/apps/livelyteams/releases/20200918213106 )
  INFO [17c16443] Finished in 0.046 seconds with exit status 0 (successful).
  INFO [d22a9520] Running /usr/bin/env git archive master | /usr/bin/env tar -x -f - -C /home/dev/apps/livelyteams/releases/20200918213106 as dev@livelyteams.com
 DEBUG [d22a9520] Command: cd /home/dev/apps/livelyteams/repo && ( export PATH="$HOME/.npm-packages/bin/:$PATH" NODE_ENVIRONMENT="production" RBENV_ROOT="$HOME/.rbenv" RBENV_VERSION="2.6.5" GIT_ASKPASS="/bin/echo" GIT_SSH="/tmp/git-ssh-livelyteams-production-dev.sh" ; /usr/bin/env git archive master | /usr/bin/env tar -x -f - -C /home/dev/apps/livelyteams/releases/20200918213106 )
  INFO [d22a9520] Finished in 3.552 seconds with exit status 0 (successful).
 DEBUG [bcf936a4] Running if test ! -d /home/dev/apps/livelyteams/repo; then echo "Directory does not exist '/home/dev/apps/livelyteams/repo'" 1>&2; false; fi as dev@livelyteams.com
 DEBUG [bcf936a4] Command: if test ! -d /home/dev/apps/livelyteams/repo; then echo "Directory does not exist '/home/dev/apps/livelyteams/repo'" 1>&2; false; fi
 DEBUG [bcf936a4] Finished in 0.048 seconds with exit status 0 (successful).
 DEBUG [7ecbf82f] Running /usr/bin/env git rev-list --max-count=1 master as dev@livelyteams.com
 DEBUG [7ecbf82f] Command: cd /home/dev/apps/livelyteams/repo && ( export PATH="$HOME/.npm-packages/bin/:$PATH" NODE_ENVIRONMENT="production" RBENV_ROOT="$HOME/.rbenv" RBENV_VERSION="2.6.5" GIT_ASKPASS="/bin/echo" GIT_SSH="/tmp/git-ssh-livelyteams-production-dev.sh" ; /usr/bin/env git rev-list --max-count=1 master )
 DEBUG [7ecbf82f] 	fd80c004afc78b03e822d8e42112c8692e49c726
 DEBUG [7ecbf82f] Finished in 0.051 seconds with exit status 0 (successful).
 DEBUG [ecfc9306] Running if test ! -d /home/dev/apps/livelyteams/releases/20200918213106; then echo "Directory does not exist '/home/dev/apps/livelyteams/releases/20200918213106'" 1>&2; false; fi as dev@livelyteams.com
 DEBUG [ecfc9306] Command: if test ! -d /home/dev/apps/livelyteams/releases/20200918213106; then echo "Directory does not exist '/home/dev/apps/livelyteams/releases/20200918213106'" 1>&2; false; fi
 DEBUG [ecfc9306] Finished in 0.043 seconds with exit status 0 (successful).
  INFO [68c37785] Running /usr/bin/env echo "fd80c004afc78b03e822d8e42112c8692e49c726" > REVISION as dev@livelyteams.com
 DEBUG [68c37785] Command: cd /home/dev/apps/livelyteams/releases/20200918213106 && ( export PATH="$HOME/.npm-packages/bin/:$PATH" NODE_ENVIRONMENT="production" RBENV_ROOT="$HOME/.rbenv" RBENV_VERSION="2.6.5" ; /usr/bin/env echo "fd80c004afc78b03e822d8e42112c8692e49c726" > REVISION )
  INFO [68c37785] Finished in 0.046 seconds with exit status 0 (successful).
  INFO [b13a9450] Running /usr/bin/env mkdir -p /home/dev/apps/livelyteams/releases/20200918213106/config as dev@livelyteams.com
 DEBUG [b13a9450] Command: ( export PATH="$HOME/.npm-packages/bin/:$PATH" NODE_ENVIRONMENT="production" RBENV_ROOT="$HOME/.rbenv" RBENV_VERSION="2.6.5" ; /usr/bin/env mkdir -p /home/dev/apps/livelyteams/releases/20200918213106/config )
  INFO [b13a9450] Finished in 0.047 seconds with exit status 0 (successful).
 DEBUG [3835b52b] Running [ -L /home/dev/apps/livelyteams/releases/20200918213106/config/master.key ] as dev@livelyteams.com
 DEBUG [3835b52b] Command: [ -L /home/dev/apps/livelyteams/releases/20200918213106/config/master.key ]
 DEBUG [3835b52b] Finished in 0.044 seconds with exit status 1 (failed).
 DEBUG [559add4c] Running [ -f /home/dev/apps/livelyteams/releases/20200918213106/config/master.key ] as dev@livelyteams.com
 DEBUG [559add4c] Command: [ -f /home/dev/apps/livelyteams/releases/20200918213106/config/master.key ]
 DEBUG [559add4c] Finished in 0.043 seconds with exit status 0 (successful).
  INFO [70bf6654] Running /usr/bin/env rm /home/dev/apps/livelyteams/releases/20200918213106/config/master.key as dev@livelyteams.com
 DEBUG [70bf6654] Command: ( export PATH="$HOME/.npm-packages/bin/:$PATH" NODE_ENVIRONMENT="production" RBENV_ROOT="$HOME/.rbenv" RBENV_VERSION="2.6.5" ; /usr/bin/env rm /home/dev/apps/livelyteams/releases/20200918213106/config/master.key )
  INFO [70bf6654] Finished in 0.047 seconds with exit status 0 (successful).
  INFO [bfcdc633] Running /usr/bin/env ln -s /home/dev/apps/livelyteams/shared/config/master.key /home/dev/apps/livelyteams/releases/20200918213106/config/master.key as dev@livelyteams.com
 DEBUG [bfcdc633] Command: ( export PATH="$HOME/.npm-packages/bin/:$PATH" NODE_ENVIRONMENT="production" RBENV_ROOT="$HOME/.rbenv" RBENV_VERSION="2.6.5" ; /usr/bin/env ln -s /home/dev/apps/livelyteams/shared/config/master.key /home/dev/apps/livelyteams/releases/20200918213106/config/master.key )
  INFO [bfcdc633] Finished in 0.046 seconds with exit status 0 (successful).
  INFO [3dae5504] Running /usr/bin/env mkdir -p /home/dev/apps/livelyteams/releases/20200918213106 /home/dev/apps/livelyteams/releases/20200918213106/tmp /home/dev/apps/livelyteams/releases/20200918213106/vendor /home/dev/apps/livelyteams/releases/20200918213106/public as dev@livelyteams.com
 DEBUG [3dae5504] Command: ( export PATH="$HOME/.npm-packages/bin/:$PATH" NODE_ENVIRONMENT="production" RBENV_ROOT="$HOME/.rbenv" RBENV_VERSION="2.6.5" ; /usr/bin/env mkdir -p /home/dev/apps/livelyteams/releases/20200918213106 /home/dev/apps/livelyteams/releases/20200918213106/tmp /home/dev/apps/livelyteams/releases/20200918213106/vendor /home/dev/apps/livelyteams/releases/20200918213106/public )
  INFO [3dae5504] Finished in 0.041 seconds with exit status 0 (successful).
 DEBUG [e8eb3d05] Running [ -L /home/dev/apps/livelyteams/releases/20200918213106/log ] as dev@livelyteams.com
 DEBUG [e8eb3d05] Command: [ -L /home/dev/apps/livelyteams/releases/20200918213106/log ]
 DEBUG [e8eb3d05] Finished in 0.042 seconds with exit status 1 (failed).
 DEBUG [915ab18e] Running [ -d /home/dev/apps/livelyteams/releases/20200918213106/log ] as dev@livelyteams.com
 DEBUG [915ab18e] Command: [ -d /home/dev/apps/livelyteams/releases/20200918213106/log ]
 DEBUG [915ab18e] Finished in 0.043 seconds with exit status 0 (successful).
  INFO [95b5ba93] Running /usr/bin/env rm -rf /home/dev/apps/livelyteams/releases/20200918213106/log as dev@livelyteams.com
 DEBUG [95b5ba93] Command: ( export PATH="$HOME/.npm-packages/bin/:$PATH" NODE_ENVIRONMENT="production" RBENV_ROOT="$HOME/.rbenv" RBENV_VERSION="2.6.5" ; /usr/bin/env rm -rf /home/dev/apps/livelyteams/releases/20200918213106/log )
  INFO [95b5ba93] Finished in 0.048 seconds with exit status 0 (successful).
  INFO [2c4283bb] Running /usr/bin/env ln -s /home/dev/apps/livelyteams/shared/log /home/dev/apps/livelyteams/releases/20200918213106/log as dev@livelyteams.com
 DEBUG [2c4283bb] Command: ( export PATH="$HOME/.npm-packages/bin/:$PATH" NODE_ENVIRONMENT="production" RBENV_ROOT="$HOME/.rbenv" RBENV_VERSION="2.6.5" ; /usr/bin/env ln -s /home/dev/apps/livelyteams/shared/log /home/dev/apps/livelyteams/releases/20200918213106/log )
  INFO [2c4283bb] Finished in 0.045 seconds with exit status 0 (successful).
 DEBUG [86c0878e] Running [ -L /home/dev/apps/livelyteams/releases/20200918213106/tmp/pids ] as dev@livelyteams.com
 DEBUG [86c0878e] Command: [ -L /home/dev/apps/livelyteams/releases/20200918213106/tmp/pids ]
 DEBUG [86c0878e] Finished in 0.044 seconds with exit status 1 (failed).
 DEBUG [b3008099] Running [ -d /home/dev/apps/livelyteams/releases/20200918213106/tmp/pids ] as dev@livelyteams.com
 DEBUG [b3008099] Command: [ -d /home/dev/apps/livelyteams/releases/20200918213106/tmp/pids ]
 DEBUG [b3008099] Finished in 0.043 seconds with exit status 1 (failed).
  INFO [1142d8dd] Running /usr/bin/env ln -s /home/dev/apps/livelyteams/shared/tmp/pids /home/dev/apps/livelyteams/releases/20200918213106/tmp/pids as dev@livelyteams.com
 DEBUG [1142d8dd] Command: ( export PATH="$HOME/.npm-packages/bin/:$PATH" NODE_ENVIRONMENT="production" RBENV_ROOT="$HOME/.rbenv" RBENV_VERSION="2.6.5" ; /usr/bin/env ln -s /home/dev/apps/livelyteams/shared/tmp/pids /home/dev/apps/livelyteams/releases/20200918213106/tmp/pids )
  INFO [1142d8dd] Finished in 0.045 seconds with exit status 0 (successful).
 DEBUG [d21fbce5] Running [ -L /home/dev/apps/livelyteams/releases/20200918213106/tmp/cache ] as dev@livelyteams.com
 DEBUG [d21fbce5] Command: [ -L /home/dev/apps/livelyteams/releases/20200918213106/tmp/cache ]
 DEBUG [d21fbce5] Finished in 0.041 seconds with exit status 1 (failed).
 DEBUG [b2140b69] Running [ -d /home/dev/apps/livelyteams/releases/20200918213106/tmp/cache ] as dev@livelyteams.com
 DEBUG [b2140b69] Command: [ -d /home/dev/apps/livelyteams/releases/20200918213106/tmp/cache ]
 DEBUG [b2140b69] Finished in 0.044 seconds with exit status 0 (successful).
  INFO [16df7934] Running /usr/bin/env rm -rf /home/dev/apps/livelyteams/releases/20200918213106/tmp/cache as dev@livelyteams.com
 DEBUG [16df7934] Command: ( export PATH="$HOME/.npm-packages/bin/:$PATH" NODE_ENVIRONMENT="production" RBENV_ROOT="$HOME/.rbenv" RBENV_VERSION="2.6.5" ; /usr/bin/env rm -rf /home/dev/apps/livelyteams/releases/20200918213106/tmp/cache )
  INFO [16df7934] Finished in 0.554 seconds with exit status 0 (successful).
  INFO [58981a6f] Running /usr/bin/env ln -s /home/dev/apps/livelyteams/shared/tmp/cache /home/dev/apps/livelyteams/releases/20200918213106/tmp/cache as dev@livelyteams.com
 DEBUG [58981a6f] Command: ( export PATH="$HOME/.npm-packages/bin/:$PATH" NODE_ENVIRONMENT="production" RBENV_ROOT="$HOME/.rbenv" RBENV_VERSION="2.6.5" ; /usr/bin/env ln -s /home/dev/apps/livelyteams/shared/tmp/cache /home/dev/apps/livelyteams/releases/20200918213106/tmp/cache )
  INFO [58981a6f] Finished in 0.043 seconds with exit status 0 (successful).
 DEBUG [61dc6468] Running [ -L /home/dev/apps/livelyteams/releases/20200918213106/tmp/sockets ] as dev@livelyteams.com
 DEBUG [61dc6468] Command: [ -L /home/dev/apps/livelyteams/releases/20200918213106/tmp/sockets ]
 DEBUG [61dc6468] Finished in 0.042 seconds with exit status 1 (failed).
 DEBUG [a2e28255] Running [ -d /home/dev/apps/livelyteams/releases/20200918213106/tmp/sockets ] as dev@livelyteams.com
 DEBUG [a2e28255] Command: [ -d /home/dev/apps/livelyteams/releases/20200918213106/tmp/sockets ]
 DEBUG [a2e28255] Finished in 0.044 seconds with exit status 1 (failed).
  INFO [9339498e] Running /usr/bin/env ln -s /home/dev/apps/livelyteams/shared/tmp/sockets /home/dev/apps/livelyteams/releases/20200918213106/tmp/sockets as dev@livelyteams.com
 DEBUG [9339498e] Command: ( export PATH="$HOME/.npm-packages/bin/:$PATH" NODE_ENVIRONMENT="production" RBENV_ROOT="$HOME/.rbenv" RBENV_VERSION="2.6.5" ; /usr/bin/env ln -s /home/dev/apps/livelyteams/shared/tmp/sockets /home/dev/apps/livelyteams/releases/20200918213106/tmp/sockets )
  INFO [9339498e] Finished in 0.044 seconds with exit status 0 (successful).
 DEBUG [794308ec] Running [ -L /home/dev/apps/livelyteams/releases/20200918213106/vendor/bundle ] as dev@livelyteams.com
 DEBUG [794308ec] Command: [ -L /home/dev/apps/livelyteams/releases/20200918213106/vendor/bundle ]
 DEBUG [794308ec] Finished in 0.042 seconds with exit status 1 (failed).
 DEBUG [83a5d6b6] Running [ -d /home/dev/apps/livelyteams/releases/20200918213106/vendor/bundle ] as dev@livelyteams.com
 DEBUG [83a5d6b6] Command: [ -d /home/dev/apps/livelyteams/releases/20200918213106/vendor/bundle ]
 DEBUG [83a5d6b6] Finished in 0.045 seconds with exit status 1 (failed).
  INFO [33ebe004] Running /usr/bin/env ln -s /home/dev/apps/livelyteams/shared/vendor/bundle /home/dev/apps/livelyteams/releases/20200918213106/vendor/bundle as dev@livelyteams.com
 DEBUG [33ebe004] Command: ( export PATH="$HOME/.npm-packages/bin/:$PATH" NODE_ENVIRONMENT="production" RBENV_ROOT="$HOME/.rbenv" RBENV_VERSION="2.6.5" ; /usr/bin/env ln -s /home/dev/apps/livelyteams/shared/vendor/bundle /home/dev/apps/livelyteams/releases/20200918213106/vendor/bundle )
  INFO [33ebe004] Finished in 0.045 seconds with exit status 0 (successful).
 DEBUG [d234d4cc] Running [ -L /home/dev/apps/livelyteams/releases/20200918213106/.bundle ] as dev@livelyteams.com
 DEBUG [d234d4cc] Command: [ -L /home/dev/apps/livelyteams/releases/20200918213106/.bundle ]
 DEBUG [d234d4cc] Finished in 0.041 seconds with exit status 1 (failed).
 DEBUG [de105093] Running [ -d /home/dev/apps/livelyteams/releases/20200918213106/.bundle ] as dev@livelyteams.com
 DEBUG [de105093] Command: [ -d /home/dev/apps/livelyteams/releases/20200918213106/.bundle ]
 DEBUG [de105093] Finished in 0.043 seconds with exit status 1 (failed).
  INFO [7d56273a] Running /usr/bin/env ln -s /home/dev/apps/livelyteams/shared/.bundle /home/dev/apps/livelyteams/releases/20200918213106/.bundle as dev@livelyteams.com
 DEBUG [7d56273a] Command: ( export PATH="$HOME/.npm-packages/bin/:$PATH" NODE_ENVIRONMENT="production" RBENV_ROOT="$HOME/.rbenv" RBENV_VERSION="2.6.5" ; /usr/bin/env ln -s /home/dev/apps/livelyteams/shared/.bundle /home/dev/apps/livelyteams/releases/20200918213106/.bundle )
  INFO [7d56273a] Finished in 0.046 seconds with exit status 0 (successful).
 DEBUG [ddd35c2c] Running [ -L /home/dev/apps/livelyteams/releases/20200918213106/public/system ] as dev@livelyteams.com
 DEBUG [ddd35c2c] Command: [ -L /home/dev/apps/livelyteams/releases/20200918213106/public/system ]
 DEBUG [ddd35c2c] Finished in 0.041 seconds with exit status 1 (failed).
 DEBUG [9820a39c] Running [ -d /home/dev/apps/livelyteams/releases/20200918213106/public/system ] as dev@livelyteams.com
 DEBUG [9820a39c] Command: [ -d /home/dev/apps/livelyteams/releases/20200918213106/public/system ]
 DEBUG [9820a39c] Finished in 0.044 seconds with exit status 1 (failed).
  INFO [4e2e10f3] Running /usr/bin/env ln -s /home/dev/apps/livelyteams/shared/public/system /home/dev/apps/livelyteams/releases/20200918213106/public/system as dev@livelyteams.com
 DEBUG [4e2e10f3] Command: ( export PATH="$HOME/.npm-packages/bin/:$PATH" NODE_ENVIRONMENT="production" RBENV_ROOT="$HOME/.rbenv" RBENV_VERSION="2.6.5" ; /usr/bin/env ln -s /home/dev/apps/livelyteams/shared/public/system /home/dev/apps/livelyteams/releases/20200918213106/public/system )
  INFO [4e2e10f3] Finished in 0.046 seconds with exit status 0 (successful).
 DEBUG [7ce4b607] Running [ -L /home/dev/apps/livelyteams/releases/20200918213106/public/uploads ] as dev@livelyteams.com
 DEBUG [7ce4b607] Command: [ -L /home/dev/apps/livelyteams/releases/20200918213106/public/uploads ]
 DEBUG [7ce4b607] Finished in 0.041 seconds with exit status 1 (failed).
 DEBUG [f1c6465a] Running [ -d /home/dev/apps/livelyteams/releases/20200918213106/public/uploads ] as dev@livelyteams.com
 DEBUG [f1c6465a] Command: [ -d /home/dev/apps/livelyteams/releases/20200918213106/public/uploads ]
 DEBUG [f1c6465a] Finished in 0.044 seconds with exit status 1 (failed).
  INFO [3195c8cb] Running /usr/bin/env ln -s /home/dev/apps/livelyteams/shared/public/uploads /home/dev/apps/livelyteams/releases/20200918213106/public/uploads as dev@livelyteams.com
 DEBUG [3195c8cb] Command: ( export PATH="$HOME/.npm-packages/bin/:$PATH" NODE_ENVIRONMENT="production" RBENV_ROOT="$HOME/.rbenv" RBENV_VERSION="2.6.5" ; /usr/bin/env ln -s /home/dev/apps/livelyteams/shared/public/uploads /home/dev/apps/livelyteams/releases/20200918213106/public/uploads )
  INFO [3195c8cb] Finished in 0.044 seconds with exit status 0 (successful).
 DEBUG [3e63ff7a] Running [ -L /home/dev/apps/livelyteams/releases/20200918213106/public/assets ] as dev@livelyteams.com
 DEBUG [3e63ff7a] Command: [ -L /home/dev/apps/livelyteams/releases/20200918213106/public/assets ]
 DEBUG [3e63ff7a] Finished in 0.041 seconds with exit status 1 (failed).
 DEBUG [d20008cb] Running [ -d /home/dev/apps/livelyteams/releases/20200918213106/public/assets ] as dev@livelyteams.com
 DEBUG [d20008cb] Command: [ -d /home/dev/apps/livelyteams/releases/20200918213106/public/assets ]
 DEBUG [d20008cb] Finished in 0.043 seconds with exit status 1 (failed).
  INFO [b9fc7c5a] Running /usr/bin/env ln -s /home/dev/apps/livelyteams/shared/public/assets /home/dev/apps/livelyteams/releases/20200918213106/public/assets as dev@livelyteams.com
 DEBUG [b9fc7c5a] Command: ( export PATH="$HOME/.npm-packages/bin/:$PATH" NODE_ENVIRONMENT="production" RBENV_ROOT="$HOME/.rbenv" RBENV_VERSION="2.6.5" ; /usr/bin/env ln -s /home/dev/apps/livelyteams/shared/public/assets /home/dev/apps/livelyteams/releases/20200918213106/public/assets )
  INFO [b9fc7c5a] Finished in 0.046 seconds with exit status 0 (successful).
 DEBUG [6fa162e9] Running if test ! -d /home/dev/apps/livelyteams/releases/20200918213106; then echo "Directory does not exist '/home/dev/apps/livelyteams/releases/20200918213106'" 1>&2; false; fi as dev@livelyteams.com
 DEBUG [6fa162e9] Command: if test ! -d /home/dev/apps/livelyteams/releases/20200918213106; then echo "Directory does not exist '/home/dev/apps/livelyteams/releases/20200918213106'" 1>&2; false; fi
 DEBUG [6fa162e9] Finished in 0.040 seconds with exit status 0 (successful).
  INFO [822dbaa4] Running RBENV_ROOT=$HOME/.rbenv RBENV_VERSION=2.6.5 $HOME/.rbenv/bin/rbenv exec bundle config --local deployment true as dev@livelyteams.com
 DEBUG [822dbaa4] Command: cd /home/dev/apps/livelyteams/releases/20200918213106 && ( export PATH="$HOME/.npm-packages/bin/:$PATH" NODE_ENVIRONMENT="production" RBENV_ROOT="$HOME/.rbenv" RBENV_VERSION="2.6.5" ; RBENV_ROOT=$HOME/.rbenv RBENV_VERSION=2.6.5 $HOME/.rbenv/bin/rbenv exec bundle config --local deployment true )
  INFO [822dbaa4] Finished in 0.330 seconds with exit status 0 (successful).
  INFO [bfe0c54e] Running RBENV_ROOT=$HOME/.rbenv RBENV_VERSION=2.6.5 $HOME/.rbenv/bin/rbenv exec bundle config --local path /home/dev/apps/livelyteams/shared/bundle as dev@livelyteams.com
 DEBUG [bfe0c54e] Command: cd /home/dev/apps/livelyteams/releases/20200918213106 && ( export PATH="$HOME/.npm-packages/bin/:$PATH" NODE_ENVIRONMENT="production" RBENV_ROOT="$HOME/.rbenv" RBENV_VERSION="2.6.5" ; RBENV_ROOT=$HOME/.rbenv RBENV_VERSION=2.6.5 $HOME/.rbenv/bin/rbenv exec bundle config --local path /home/dev/apps/livelyteams/shared/bundle )
  INFO [bfe0c54e] Finished in 0.340 seconds with exit status 0 (successful).
  INFO [2b7df2c1] Running RBENV_ROOT=$HOME/.rbenv RBENV_VERSION=2.6.5 $HOME/.rbenv/bin/rbenv exec bundle config --local without development:test as dev@livelyteams.com
 DEBUG [2b7df2c1] Command: cd /home/dev/apps/livelyteams/releases/20200918213106 && ( export PATH="$HOME/.npm-packages/bin/:$PATH" NODE_ENVIRONMENT="production" RBENV_ROOT="$HOME/.rbenv" RBENV_VERSION="2.6.5" ; RBENV_ROOT=$HOME/.rbenv RBENV_VERSION=2.6.5 $HOME/.rbenv/bin/rbenv exec bundle config --local without development:test )
  INFO [2b7df2c1] Finished in 0.299 seconds with exit status 0 (successful).
 DEBUG [20b77583] Running if test ! -d /home/dev/apps/livelyteams/releases/20200918213106; then echo "Directory does not exist '/home/dev/apps/livelyteams/releases/20200918213106'" 1>&2; false; fi as dev@livelyteams.com
 DEBUG [20b77583] Command: if test ! -d /home/dev/apps/livelyteams/releases/20200918213106; then echo "Directory does not exist '/home/dev/apps/livelyteams/releases/20200918213106'" 1>&2; false; fi
 DEBUG [20b77583] Finished in 0.044 seconds with exit status 0 (successful).
 DEBUG [c65f97e5] Running RBENV_ROOT=$HOME/.rbenv RBENV_VERSION=2.6.5 $HOME/.rbenv/bin/rbenv exec bundle check as dev@livelyteams.com
 DEBUG [c65f97e5] Command: cd /home/dev/apps/livelyteams/releases/20200918213106 && ( export PATH="$HOME/.npm-packages/bin/:$PATH" NODE_ENVIRONMENT="production" RBENV_ROOT="$HOME/.rbenv" RBENV_VERSION="2.6.5" ; RBENV_ROOT=$HOME/.rbenv RBENV_VERSION=2.6.5 $HOME/.rbenv/bin/rbenv exec bundle check )
 DEBUG [c65f97e5] 	The dependency tzinfo-data (>= 0) will be unused by any of the platforms Bundler is installing for. Bundler is installing for ruby but the dependency is only for x86-mingw32, x86-mswin32, x64-mingw32, java. To add those platforms to the bundle, run `bundle lock --add-platform x86-mingw32 x86-mswin32 x64-mingw32 java`.
 DEBUG [c65f97e5] 	The Gemfile's dependencies are satisfied
 DEBUG [c65f97e5] Finished in 0.573 seconds with exit status 0 (successful).
  INFO The Gemfile's dependencies are satisfied, skipping installation
 DEBUG [1814a7aa] Running if test ! -d /home/dev/apps/livelyteams/releases/20200918213106; then echo "Directory does not exist '/home/dev/apps/livelyteams/releases/20200918213106'" 1>&2; false; fi as dev@livelyteams.com
 DEBUG [1814a7aa] Command: if test ! -d /home/dev/apps/livelyteams/releases/20200918213106; then echo "Directory does not exist '/home/dev/apps/livelyteams/releases/20200918213106'" 1>&2; false; fi
 DEBUG [1814a7aa] Finished in 0.046 seconds with exit status 0 (successful).
  INFO [b2a3647b] Running cd /home/dev/apps/livelyteams/releases/20200918213106 && yarn install as dev@livelyteams.com
 DEBUG [b2a3647b] Command: cd /home/dev/apps/livelyteams/releases/20200918213106 && yarn install
 DEBUG [b2a3647b] 	yarn install v1.21.1
 DEBUG [b2a3647b] 	info No lockfile found.
 DEBUG [b2a3647b] 	[1/4] Resolving packages...
 DEBUG [b2a3647b] 	[2/4] Fetching packages...
 DEBUG [b2a3647b] 	[3/4] Linking dependencies...
 DEBUG [b2a3647b] 	[4/4] Building fresh packages...
 DEBUG [b2a3647b] 	success Saved lockfile.
 DEBUG [b2a3647b] 	Done in 0.15s.
  INFO [b2a3647b] Finished in 0.592 seconds with exit status 0 (successful).
 DEBUG [d8f59b17] Running if test ! -d /home/dev/apps/livelyteams/releases/20200918213106; then echo "Directory does not exist '/home/dev/apps/livelyteams/releases/20200918213106'" 1>&2; false; fi as dev@livelyteams.com
 DEBUG [d8f59b17] Command: if test ! -d /home/dev/apps/livelyteams/releases/20200918213106; then echo "Directory does not exist '/home/dev/apps/livelyteams/releases/20200918213106'" 1>&2; false; fi
 DEBUG [d8f59b17] Finished in 0.042 seconds with exit status 0 (successful).
  INFO [cbdabd40] Running RBENV_ROOT=$HOME/.rbenv RBENV_VERSION=2.6.5 $HOME/.rbenv/bin/rbenv exec bundle exec rake assets:precompile as dev@livelyteams.com
 DEBUG [cbdabd40] Command: cd /home/dev/apps/livelyteams/releases/20200918213106 && ( export PATH="$HOME/.npm-packages/bin/:$PATH" NODE_ENVIRONMENT="production" RBENV_ROOT="$HOME/.rbenv" RBENV_VERSION="2.6.5" RAILS_ENV="production" RAILS_GROUPS="" ; RBENV_ROOT=$HOME/.rbenv RBENV_VERSION=2.6.5 $HOME/.rbenv/bin/rbenv exec bundle exec rake assets:precompile )
 DEBUG [cbdabd40] 	rake aborted!
 DEBUG [cbdabd40] 	ActiveSupport::MessageEncryptor::InvalidMessage: ActiveSupport::MessageEncryptor::InvalidMessage
 DEBUG [cbdabd40] 	/home/dev/apps/livelyteams/shared/bundle/ruby/2.6.0/gems/activesupport-5.2.4.4/lib/active_support/message_encryptor.rb:206:in `rescue in _decrypt'
/home/dev/apps/livelyteams/shared/bundle/ruby/2.6.0/gems/activesupport-5.2.4.4/lib/active_support/message_encryptor.rb:183:in `_decrypt'
/home/dev/apps/livelyteams/shared/bundle/ruby/2.6.0/gems/activesupport-5.2.4.4/lib/active_support/message_encryptor.rb:157:in `decrypt_and_verify'
/home/dev/apps/livelyteams/shared/bundle/ruby/2.6.0/gems/activesupport-5.2.4.4/lib/active_support/messages/rotator.rb:21:in `decrypt_and_verify'
/home/dev/apps/livelyteams/shared/bundle/ruby/2.6.0/gems/activesupport-5.2.4.4/lib/active_support/encrypted_file.rb:79:in `decrypt'
/home/dev/apps/livelyteams/shared/bundle/ruby/2.6.0/gems/activesupport-5.2.4.4/lib/active_support/encrypted_file.rb:42:in `read'
/home/dev/apps/livelyteams/shared/bundle/ruby/2.6.0/gems/activesupport-5.2.4.4/lib/active_support/encrypted_configuration.rb:21:in `read'
/home/dev/apps/livelyteams/shared/bundle/ruby/2.6.0/gems/activesupport-5.2.4.4/lib/active_support/encrypted_configuration.rb:33:in `config'
/home/dev/apps/livelyteams/shared/bundle/ruby/2.6.0/gems/activesupport-5.2.4.4/lib/active_support/encrypted_configuration.rb:38:in `options'
/home/dev/apps/livelyteams/shared/bundle/ruby/2.6.0/gems/activesupport-5.2.4.4/lib/active_support/core_ext/module/delegation.rb:271:in `method_missing'
/home/dev/apps/livelyteams/shared/bundle/ruby/2.6.0/gems/devise-4.7.2/lib/devise/secret_key_finder.rb:24:in `key_exists?'
/home/dev/apps/livelyteams/shared/bundle/ruby/2.6.0/gems/devise-4.7.2/lib/devise/secret_key_finder.rb:10:in `find'
/home/dev/apps/livelyteams/shared/bundle/ruby/2.6.0/gems/devise-4.7.2/lib/devise/rails.rb:37:in `block in <class:Engine>'
/home/dev/apps/livelyteams/shared/bundle/ruby/2.6.0/gems/railties-5.2.4.4/lib/rails/initializable.rb:32:in `instance_exec'
/home/dev/apps/livelyteams/shared/bundle/ruby/2.6.0/gems/railties-5.2.4.4/lib/rails/initializable.rb:32:in `run'
/home/dev/apps/livelyteams/shared/bundle/ruby/2.6.0/gems/railties-5.2.4.4/lib/rails/initializable.rb:61:in `block in run_initializers'
/home/dev/apps/livelyteams/shared/bundle/ruby/2.6.0/gems/railties-5.2.4.4/lib/rails/initializable.rb:60:in `run_initializers'
/home/dev/apps/livelyteams/shared/bundle/ruby/2.6.0/gems/railties-5.2.4.4/lib/rails/application.rb:361:in `initialize!'
/home/dev/apps/livelyteams/releases/20200918213106/config/environment.rb:5:in `<main>'
/home/dev/apps/livelyteams/shared/bundle/ruby/2.6.0/gems/bootsnap-1.4.8/lib/bootsnap/load_path_cache/core_ext/kernel_require.rb:23:in `require'
/home/dev/apps/livelyteams/shared/bundle/ruby/2.6.0/gems/bootsnap-1.4.8/lib/bootsnap/load_path_cache/core_ext/kernel_require.rb:23:in `block in require_with_bootsnap_lfi'
/home/dev/apps/livelyteams/shared/bundle/ruby/2.6.0/gems/bootsnap-1.4.8/lib/bootsnap/load_path_cache/loaded_features_index.rb:92:in `register'
/home/dev/apps/livelyteams/shared/bundle/ruby/2.6.0/gems/bootsnap-1.4.8/lib/bootsnap/load_path_cache/core_ext/kernel_require.rb:22:in `require_with_bootsnap_lfi'
/home/dev/apps/livelyteams/shared/bundle/ruby/2.6.0/gems/bootsnap-1.4.8/lib/bootsnap/load_path_cache/core_ext/kernel_require.rb:31:in `require'
/home/dev/apps/livelyteams/shared/bundle/ruby/2.6.0/gems/activesupport-5.2.4.4/lib/active_support/dependencies.rb:291:in `block in require'
/home/dev/apps/livelyteams/shared/bundle/ruby/2.6.0/gems/activesupport-5.2.4.4/lib/active_support/dependencies.rb:257:in `load_dependency'
/home/dev/apps/livelyteams/shared/bundle/ruby/2.6.0/gems/activesupport-5.2.4.4/lib/active_support/dependencies.rb:291:in `require'
/home/dev/apps/livelyteams/shared/bundle/ruby/2.6.0/gems/railties-5.2.4.4/lib/rails/application.rb:337:in `require_environment!'
/home/dev/apps/livelyteams/shared/bundle/ruby/2.6.0/gems/railties-5.2.4.4/lib/rails/application.rb:520:in `block in run_tasks_blocks'
/home/dev/apps/livelyteams/shared/bundle/ruby/2.6.0/gems/sprockets-rails-3.2.2/lib/sprockets/rails/task.rb:61:in `block (2 levels) in define'
/home/dev/apps/livelyteams/shared/bundle/ruby/2.6.0/gems/rake-13.0.1/exe/rake:27:in `<top (required)>'
/home/dev/.rbenv/versions/2.6.5/bin/bundle:23:in `load'
/home/dev/.rbenv/versions/2.6.5/bin/bundle:23:in `<main>'
 DEBUG [cbdabd40] 	
Caused by:
 DEBUG [cbdabd40] 	OpenSSL::Cipher::CipherError: 
 DEBUG [cbdabd40] 	/home/dev/apps/livelyteams/shared/bundle/ruby/2.6.0/gems/activesupport-5.2.4.4/lib/active_support/message_encryptor.rb:201:in `final'
/home/dev/apps/livelyteams/shared/bundle/ruby/2.6.0/gems/activesupport-5.2.4.4/lib/active_support/message_encryptor.rb:201:in `_decrypt'
/home/dev/apps/livelyteams/shared/bundle/ruby/2.6.0/gems/activesupport-5.2.4.4/lib/active_support/message_encryptor.rb:157:in `decrypt_and_verify'
/home/dev/apps/livelyteams/shared/bundle/ruby/2.6.0/gems/activesupport-5.2.4.4/lib/active_support/messages/rotator.rb:21:in `decrypt_and_verify'
/home/dev/apps/livelyteams/shared/bundle/ruby/2.6.0/gems/activesupport-5.2.4.4/lib/active_support/encrypted_file.rb:79:in `decrypt'
/home/dev/apps/livelyteams/shared/bundle/ruby/2.6.0/gems/activesupport-5.2.4.4/lib/active_support/encrypted_file.rb:42:in `read'
/home/dev/apps/livelyteams/shared/bundle/ruby/2.6.0/gems/activesupport-5.2.4.4/lib/active_support/encrypted_configuration.rb:21:in `read'
/home/dev/apps/livelyteams/shared/bundle/ruby/2.6.0/gems/activesupport-5.2.4.4/lib/active_support/encrypted_configuration.rb:33:in `config'
/home/dev/apps/livelyteams/shared/bundle/ruby/2.6.0/gems/activesupport-5.2.4.4/lib/active_support/encrypted_configuration.rb:38:in `options'
/home/dev/apps/livelyteams/shared/bundle/ruby/2.6.0/gems/activesupport-5.2.4.4/lib/active_support/core_ext/module/delegation.rb:271:in `method_missing'
/home/dev/apps/livelyteams/shared/bundle/ruby/2.6.0/gems/devise-4.7.2/lib/devise/secret_key_finder.rb:24:in `key_exists?'
/home/dev/apps/livelyteams/shared/bundle/ruby/2.6.0/gems/devise-4.7.2/lib/devise/secret_key_finder.rb:10:in `find'
/home/dev/apps/livelyteams/shared/bundle/ruby/2.6.0/gems/devise-4.7.2/lib/devise/rails.rb:37:in `block in <class:Engine>'
/home/dev/apps/livelyteams/shared/bundle/ruby/2.6.0/gems/railties-5.2.4.4/lib/rails/initializable.rb:32:in `instance_exec'
/home/dev/apps/livelyteams/shared/bundle/ruby/2.6.0/gems/railties-5.2.4.4/lib/rails/initializable.rb:32:in `run'
/home/dev/apps/livelyteams/shared/bundle/ruby/2.6.0/gems/railties-5.2.4.4/lib/rails/initializable.rb:61:in `block in run_initializers'
/home/dev/apps/livelyteams/shared/bundle/ruby/2.6.0/gems/railties-5.2.4.4/lib/rails/initializable.rb:60:in `run_initializers'
/home/dev/apps/livelyteams/shared/bundle/ruby/2.6.0/gems/railties-5.2.4.4/lib/rails/application.rb:361:in `initialize!'
/home/dev/apps/livelyteams/releases/20200918213106/config/environment.rb:5:in `<main>'
/home/dev/apps/livelyteams/shared/bundle/ruby/2.6.0/gems/bootsnap-1.4.8/lib/bootsnap/load_path_cache/core_ext/kernel_require.rb:23:in `require'
/home/dev/apps/livelyteams/shared/bundle/ruby/2.6.0/gems/bootsnap-1.4.8/lib/bootsnap/load_path_cache/core_ext/kernel_require.rb:23:in `block in require_with_bootsnap_lfi'
/home/dev/apps/livelyteams/shared/bundle/ruby/2.6.0/gems/bootsnap-1.4.8/lib/bootsnap/load_path_cache/loaded_features_index.rb:92:in `register'
/home/dev/apps/livelyteams/shared/bundle/ruby/2.6.0/gems/bootsnap-1.4.8/lib/bootsnap/load_path_cache/core_ext/kernel_require.rb:22:in `require_with_bootsnap_lfi'
/home/dev/apps/livelyteams/shared/bundle/ruby/2.6.0/gems/bootsnap-1.4.8/lib/bootsnap/load_path_cache/core_ext/kernel_require.rb:31:in `require'
/home/dev/apps/livelyteams/shared/bundle/ruby/2.6.0/gems/activesupport-5.2.4.4/lib/active_support/dependencies.rb:291:in `block in require'
/home/dev/apps/livelyteams/shared/bundle/ruby/2.6.0/gems/activesupport-5.2.4.4/lib/active_support/dependencies.rb:257:in `load_dependency'
/home/dev/apps/livelyteams/shared/bundle/ruby/2.6.0/gems/activesupport-5.2.4.4/lib/active_support/dependencies.rb:291:in `require'
/home/dev/apps/livelyteams/shared/bundle/ruby/2.6.0/gems/railties-5.2.4.4/lib/rails/application.rb:337:in `require_environment!'
/home/dev/apps/livelyteams/shared/bundle/ruby/2.6.0/gems/railties-5.2.4.4/lib/rails/application.rb:520:in `block in run_tasks_blocks'
/home/dev/apps/livelyteams/shared/bundle/ruby/2.6.0/gems/sprockets-rails-3.2.2/lib/sprockets/rails/task.rb:61:in `block (2 levels) in define'
/home/dev/apps/livelyteams/shared/bundle/ruby/2.6.0/gems/rake-13.0.1/exe/rake:27:in `<top (required)>'
/home/dev/.rbenv/versions/2.6.5/bin/bundle:23:in `load'
/home/dev/.rbenv/versions/2.6.5/bin/bundle:23:in `<main>'
 DEBUG [cbdabd40] 	Tasks: TOP => environment
 DEBUG [cbdabd40] 	(See full trace by running task with --trace)
